# JRE version: OpenJDK Runtime Environment Temurin-21.0.10+7 (21.0.10+7) (build 21.0.10+7-LTS)
# Java VM: OpenJDK 64-Bit Server VM Temurin-21.0.10+7 (21.0.10+7-LTS, mixed mode, sharing, tiered, compressed oops, compressed class ptrs, parallel gc, windows-amd64)
GC Precious Log:
 CardTable entry size: 512
 CPUs: 8 total, 8 available
 Memory: 8021M
 Large Page Support: Disabled
 NUMA Support: Disabled
 Compressed Oops: Enabled (32-bit)
 Alignments: Space 512K, Generation 512K, Heap 2M
 Heap Min Capacity: 100M
 Heap Initial Capacity: 100M
 Heap Max Capacity: 2G
 Pre-touch: Disabled
 Parallel Workers: 8
Heap:
 PSYoungGen      total 11776K, used 8545K [0x00000000d5580000, 0x00000000d6580000, 0x0000000100000000)
  eden space 10240K, 69% used [0x00000000d5580000,0x00000000d5c7a008,0x00000000d5f80000)
  from space 1536K, 91% used [0x00000000d6280000,0x00000000d63de7b0,0x00000000d6400000)
  to   space 1536K, 0% used [0x00000000d6400000,0x00000000d6400000,0x00000000d6580000)
 ParOldGen       total 579584K, used 359629K [0x0000000080000000, 0x00000000a3600000, 0x00000000d5580000)
  object space 579584K, 62% used [0x0000000080000000,0x0000000095f33780,0x00000000a3600000)
 Metaspace       used 76527K, committed 78144K, reserved 1179648K
  class space    used 7983K, committed 8704K, reserved 1048576K
GC Heap History (20 events):
Event: 3013.714 GC heap before
{Heap before GC invocations=664 (full 4):
 PSYoungGen      total 14848K, used 14671K [0x00000000d5580000, 0x00000000d7400000, 0x0000000100000000)
  eden space 10240K, 100% used [0x00000000d5580000,0x00000000d5f80000,0x00000000d5f80000)
  from space 4608K, 96% used [0x00000000d5f80000,0x00000000d63d3ca8,0x00000000d6400000)
  to   space 9216K, 0% used [0x00000000d6b00000,0x00000000d6b00000,0x00000000d7400000)
 ParOldGen       total 579584K, used 288720K [0x0000000080000000, 0x00000000a3600000, 0x00000000d5580000)
  object space 579584K, 49% used [0x0000000080000000,0x00000000919f43a0,0x00000000a3600000)
 Metaspace       used 76297K, committed 77888K, reserved 1179648K
  class space    used 7978K, committed 8704K, reserved 1048576K
}
Event: 3013.723 GC heap after
{Heap after GC invocations=664 (full 4):
 PSYoungGen      total 12288K, used 1781K [0x00000000d5580000, 0x00000000d6d00000, 0x0000000100000000)
  eden space 10240K, 0% used [0x00000000d5580000,0x00000000d5580000,0x00000000d5f80000)
  from space 2048K, 86% used [0x00000000d6b00000,0x00000000d6cbd6f0,0x00000000d6d00000)
  to   space 3584K, 0% used [0x00000000d6600000,0x00000000d6600000,0x00000000d6980000)
 ParOldGen       total 579584K, used 290912K [0x0000000080000000, 0x00000000a3600000, 0x00000000d5580000)
  object space 579584K, 50% used [0x0000000080000000,0x0000000091c181b0,0x00000000a3600000)
 Metaspace       used 76297K, committed 77888K, reserved 1179648K
  class space    used 7978K, committed 8704K, reserved 1048576K
}
Event: 3020.894 GC heap before
{Heap before GC invocations=665 (full 4):
 PSYoungGen      total 12288K, used 12021K [0x00000000d5580000, 0x00000000d6d00000, 0x0000000100000000)
  eden space 10240K, 99% used [0x00000000d5580000,0x00000000d5f7fff0,0x00000000d5f80000)
  from space 2048K, 86% used [0x00000000d6b00000,0x00000000d6cbd6f0,0x00000000d6d00000)
  to   space 3584K, 0% used [0x00000000d6600000,0x00000000d6600000,0x00000000d6980000)
 ParOldGen       total 579584K, used 290912K [0x0000000080000000, 0x00000000a3600000, 0x00000000d5580000)
  object space 579584K, 50% used [0x0000000080000000,0x0000000091c181b0,0x00000000a3600000)
 Metaspace       used 76381K, committed 78016K, reserved 1179648K
  class space    used 7978K, committed 8704K, reserved 1048576K
}
Event: 3020.896 GC heap after
{Heap after GC invocations=665 (full 4):
 PSYoungGen      total 13824K, used 534K [0x00000000d5580000, 0x00000000d6b80000, 0x0000000100000000)
  eden space 10240K, 0% used [0x00000000d5580000,0x00000000d5580000,0x00000000d5f80000)
  from space 3584K, 14% used [0x00000000d6600000,0x00000000d6685ae8,0x00000000d6980000)
  to   space 1536K, 0% used [0x00000000d6a00000,0x00000000d6a00000,0x00000000d6b80000)
 ParOldGen       total 579584K, used 292114K [0x0000000080000000, 0x00000000a3600000, 0x00000000d5580000)
  object space 579584K, 50% used [0x0000000080000000,0x0000000091d44828,0x00000000a3600000)
 Metaspace       used 76381K, committed 78016K, reserved 1179648K
  class space    used 7978K, committed 8704K, reserved 1048576K
}
Event: 3021.164 GC heap before
{Heap before GC invocations=666 (full 4):
 PSYoungGen      total 13824K, used 10774K [0x00000000d5580000, 0x00000000d6b80000, 0x0000000100000000)
  eden space 10240K, 100% used [0x00000000d5580000,0x00000000d5f80000,0x00000000d5f80000)
  from space 3584K, 14% used [0x00000000d6600000,0x00000000d6685ae8,0x00000000d6980000)
  to   space 1536K, 0% used [0x00000000d6a00000,0x00000000d6a00000,0x00000000d6b80000)
 ParOldGen       total 579584K, used 292114K [0x0000000080000000, 0x00000000a3600000, 0x00000000d5580000)
  object space 579584K, 50% used [0x0000000080000000,0x0000000091d44828,0x00000000a3600000)
 Metaspace       used 76408K, committed 78016K, reserved 1179648K
  class space    used 7981K, committed 8704K, reserved 1048576K
}
Event: 3021.171 GC heap after
{Heap after GC invocations=666 (full 4):
 PSYoungGen      total 11776K, used 1509K [0x00000000d5580000, 0x00000000d7380000, 0x0000000100000000)
  eden space 10240K, 0% used [0x00000000d5580000,0x00000000d5580000,0x00000000d5f80000)
  from space 1536K, 98% used [0x00000000d6a00000,0x00000000d6b79630,0x00000000d6b80000)
  to   space 10240K, 0% used [0x00000000d5f80000,0x00000000d5f80000,0x00000000d6980000)
 ParOldGen       total 579584K, used 299098K [0x0000000080000000, 0x00000000a3600000, 0x00000000d5580000)
  object space 579584K, 51% used [0x0000000080000000,0x0000000092416828,0x00000000a3600000)
 Metaspace       used 76408K, committed 78016K, reserved 1179648K
  class space    used 7981K, committed 8704K, reserved 1048576K
}
Event: 3021.195 GC heap before
{Heap before GC invocations=667 (full 4):
 PSYoungGen      total 11776K, used 11601K [0x00000000d5580000, 0x00000000d7380000, 0x0000000100000000)
  eden space 10240K, 98% used [0x00000000d5580000,0x00000000d5f5b020,0x00000000d5f80000)
  from space 1536K, 98% used [0x00000000d6a00000,0x00000000d6b79630,0x00000000d6b80000)
  to   space 10240K, 0% used [0x00000000d5f80000,0x00000000d5f80000,0x00000000d6980000)
 ParOldGen       total 579584K, used 299098K [0x0000000080000000, 0x00000000a3600000, 0x00000000d5580000)
  object space 579584K, 51% used [0x0000000080000000,0x0000000092416828,0x00000000a3600000)
 Metaspace       used 76408K, committed 78016K, reserved 1179648K
  class space    used 7981K, committed 8704K, reserved 1048576K
}
Event: 3021.200 GC heap after
{Heap after GC invocations=667 (full 4):
 PSYoungGen      total 20480K, used 9484K [0x00000000d5580000, 0x00000000d7380000, 0x0000000100000000)
  eden space 10240K, 0% used [0x00000000d5580000,0x00000000d5580000,0x00000000d5f80000)
  from space 10240K, 92% used [0x00000000d5f80000,0x00000000d68c3000,0x00000000d6980000)
  to   space 10240K, 0% used [0x00000000d6980000,0x00000000d6980000,0x00000000d7380000)
 ParOldGen       total 579584K, used 301895K [0x0000000080000000, 0x00000000a3600000, 0x00000000d5580000)
  object space 579584K, 52% used [0x0000000080000000,0x00000000926d1d98,0x00000000a3600000)
 Metaspace       used 76408K, committed 78016K, reserved 1179648K
  class space    used 7981K, committed 8704K, reserved 1048576K
}
Event: 3021.246 GC heap before
{Heap before GC invocations=668 (full 4):
 PSYoungGen      total 20480K, used 19724K [0x00000000d5580000, 0x00000000d7380000, 0x0000000100000000)
  eden space 10240K, 100% used [0x00000000d5580000,0x00000000d5f80000,0x00000000d5f80000)
  from space 10240K, 92% used [0x00000000d5f80000,0x00000000d68c3000,0x00000000d6980000)
  to   space 10240K, 0% used [0x00000000d6980000,0x00000000d6980000,0x00000000d7380000)
 ParOldGen       total 579584K, used 301895K [0x0000000080000000, 0x00000000a3600000, 0x00000000d5580000)
  object space 579584K, 52% used [0x0000000080000000,0x00000000926d1d98,0x00000000a3600000)
 Metaspace       used 76408K, committed 78016K, reserved 1179648K
  class space    used 7981K, committed 8704K, reserved 1048576K
}
Event: 3021.255 GC heap after
{Heap after GC invocations=668 (full 4):
 PSYoungGen      total 20480K, used 9694K [0x00000000d5580000, 0x00000000d7380000, 0x0000000100000000)
  eden space 10240K, 0% used [0x00000000d5580000,0x00000000d5580000,0x00000000d5f80000)
  from space 10240K, 94% used [0x00000000d6980000,0x00000000d72f78a0,0x00000000d7380000)
  to   space 10240K, 0% used [0x00000000d5f80000,0x00000000d5f80000,0x00000000d6980000)
 ParOldGen       total 579584K, used 310709K [0x0000000080000000, 0x00000000a3600000, 0x00000000d5580000)
  object space 579584K, 53% used [0x0000000080000000,0x0000000092f6d598,0x00000000a3600000)
 Metaspace       used 76408K, committed 78016K, reserved 1179648K
  class space    used 7981K, committed 8704K, reserved 1048576K
}
Event: 3021.271 GC heap before
{Heap before GC invocations=669 (full 4):
 PSYoungGen      total 20480K, used 19934K [0x00000000d5580000, 0x00000000d7380000, 0x0000000100000000)
  eden space 10240K, 100% used [0x00000000d5580000,0x00000000d5f80000,0x00000000d5f80000)
  from space 10240K, 94% used [0x00000000d6980000,0x00000000d72f78a0,0x00000000d7380000)
  to   space 10240K, 0% used [0x00000000d5f80000,0x00000000d5f80000,0x00000000d6980000)
 ParOldGen       total 579584K, used 310709K [0x0000000080000000, 0x00000000a3600000, 0x00000000d5580000)
  object space 579584K, 53% used [0x0000000080000000,0x0000000092f6d598,0x00000000a3600000)
 Metaspace       used 76408K, committed 78016K, reserved 1179648K
  class space    used 7981K, committed 8704K, reserved 1048576K
}
Event: 3021.279 GC heap after
{Heap after GC invocations=669 (full 4):
 PSYoungGen      total 18944K, used 8487K [0x00000000d5580000, 0x00000000d7180000, 0x0000000100000000)
  eden space 10240K, 0% used [0x00000000d5580000,0x00000000d5580000,0x00000000d5f80000)
  from space 8704K, 97% used [0x00000000d5f80000,0x00000000d67c9d98,0x00000000d6800000)
  to   space 9216K, 0% used [0x00000000d6880000,0x00000000d6880000,0x00000000d7180000)
 ParOldGen       total 579584K, used 321155K [0x0000000080000000, 0x00000000a3600000, 0x00000000d5580000)
  object space 579584K, 55% used [0x0000000080000000,0x00000000939a0ed8,0x00000000a3600000)
 Metaspace       used 76408K, committed 78016K, reserved 1179648K
  class space    used 7981K, committed 8704K, reserved 1048576K
}
Event: 3021.325 GC heap before
{Heap before GC invocations=670 (full 4):
 PSYoungGen      total 18944K, used 18727K [0x00000000d5580000, 0x00000000d7180000, 0x0000000100000000)
  eden space 10240K, 100% used [0x00000000d5580000,0x00000000d5f80000,0x00000000d5f80000)
  from space 8704K, 97% used [0x00000000d5f80000,0x00000000d67c9d98,0x00000000d6800000)
  to   space 9216K, 0% used [0x00000000d6880000,0x00000000d6880000,0x00000000d7180000)
 ParOldGen       total 579584K, used 321155K [0x0000000080000000, 0x00000000a3600000, 0x00000000d5580000)
  object space 579584K, 55% used [0x0000000080000000,0x00000000939a0ed8,0x00000000a3600000)
 Metaspace       used 76415K, committed 78016K, reserved 1179648K
  class space    used 7981K, committed 8704K, reserved 1048576K
}
Event: 3021.330 GC heap after
{Heap after GC invocations=670 (full 4):
 PSYoungGen      total 14848K, used 4469K [0x00000000d5580000, 0x00000000d6d00000, 0x0000000100000000)
  eden space 10240K, 0% used [0x00000000d5580000,0x00000000d5580000,0x00000000d5f80000)
  from space 4608K, 97% used [0x00000000d6880000,0x00000000d6cdd788,0x00000000d6d00000)
  to   space 6144K, 0% used [0x00000000d6100000,0x00000000d6100000,0x00000000d6700000)
 ParOldGen       total 579584K, used 329552K [0x0000000080000000, 0x00000000a3600000, 0x00000000d5580000)
  object space 579584K, 56% used [0x0000000080000000,0x00000000941d4368,0x00000000a3600000)
 Metaspace       used 76415K, committed 78016K, reserved 1179648K
  class space    used 7981K, committed 8704K, reserved 1048576K
}
Event: 3021.370 GC heap before
{Heap before GC invocations=671 (full 4):
 PSYoungGen      total 14848K, used 14709K [0x00000000d5580000, 0x00000000d6d00000, 0x0000000100000000)
  eden space 10240K, 100% used [0x00000000d5580000,0x00000000d5f80000,0x00000000d5f80000)
  from space 4608K, 97% used [0x00000000d6880000,0x00000000d6cdd788,0x00000000d6d00000)
  to   space 6144K, 0% used [0x00000000d6100000,0x00000000d6100000,0x00000000d6700000)
 ParOldGen       total 579584K, used 329552K [0x0000000080000000, 0x00000000a3600000, 0x00000000d5580000)
  object space 579584K, 56% used [0x0000000080000000,0x00000000941d4368,0x00000000a3600000)
 Metaspace       used 76474K, committed 78080K, reserved 1179648K
  class space    used 7982K, committed 8704K, reserved 1048576K
}
Event: 3021.374 GC heap after
{Heap after GC invocations=671 (full 4):
 PSYoungGen      total 13312K, used 2793K [0x00000000d5580000, 0x00000000d6900000, 0x0000000100000000)
  eden space 10240K, 0% used [0x00000000d5580000,0x00000000d5580000,0x00000000d5f80000)
  from space 3072K, 90% used [0x00000000d6100000,0x00000000d63ba5c8,0x00000000d6400000)
  to   space 4096K, 0% used [0x00000000d6500000,0x00000000d6500000,0x00000000d6900000)
 ParOldGen       total 579584K, used 333825K [0x0000000080000000, 0x00000000a3600000, 0x00000000d5580000)
  object space 579584K, 57% used [0x0000000080000000,0x00000000946007d8,0x00000000a3600000)
 Metaspace       used 76474K, committed 78080K, reserved 1179648K
  class space    used 7982K, committed 8704K, reserved 1048576K
}
Event: 3021.418 GC heap before
{Heap before GC invocations=672 (full 4):
 PSYoungGen      total 13312K, used 13033K [0x00000000d5580000, 0x00000000d6900000, 0x0000000100000000)
  eden space 10240K, 100% used [0x00000000d5580000,0x00000000d5f80000,0x00000000d5f80000)
  from space 3072K, 90% used [0x00000000d6100000,0x00000000d63ba5c8,0x00000000d6400000)
  to   space 4096K, 0% used [0x00000000d6500000,0x00000000d6500000,0x00000000d6900000)
 ParOldGen       total 579584K, used 356865K [0x0000000080000000, 0x00000000a3600000, 0x00000000d5580000)
  object space 579584K, 61% used [0x0000000080000000,0x0000000095c807f8,0x00000000a3600000)
 Metaspace       used 76481K, committed 78080K, reserved 1179648K
  class space    used 7982K, committed 8704K, reserved 1048576K
}
Event: 3021.423 GC heap after
{Heap after GC invocations=672 (full 4):
 PSYoungGen      total 10752K, used 352K [0x00000000d5580000, 0x00000000d6580000, 0x0000000100000000)
  eden space 10240K, 0% used [0x00000000d5580000,0x00000000d5580000,0x00000000d5f80000)
  from space 512K, 68% used [0x00000000d6500000,0x00000000d6558000,0x00000000d6580000)
  to   space 1536K, 0% used [0x00000000d6280000,0x00000000d6280000,0x00000000d6400000)
 ParOldGen       total 579584K, used 359487K [0x0000000080000000, 0x00000000a3600000, 0x00000000d5580000)
  object space 579584K, 62% used [0x0000000080000000,0x0000000095f0fc78,0x00000000a3600000)
 Metaspace       used 76481K, committed 78080K, reserved 1179648K
  class space    used 7982K, committed 8704K, reserved 1048576K
}
Event: 3021.650 GC heap before
{Heap before GC invocations=673 (full 4):
 PSYoungGen      total 10752K, used 10592K [0x00000000d5580000, 0x00000000d6580000, 0x0000000100000000)
  eden space 10240K, 100% used [0x00000000d5580000,0x00000000d5f80000,0x00000000d5f80000)
  from space 512K, 68% used [0x00000000d6500000,0x00000000d6558000,0x00000000d6580000)
  to   space 1536K, 0% used [0x00000000d6280000,0x00000000d6280000,0x00000000d6400000)
 ParOldGen       total 579584K, used 359487K [0x0000000080000000, 0x00000000a3600000, 0x00000000d5580000)
  object space 579584K, 62% used [0x0000000080000000,0x0000000095f0fc78,0x00000000a3600000)
 Metaspace       used 76507K, committed 78080K, reserved 1179648K
  class space    used 7983K, committed 8704K, reserved 1048576K
}
Event: 3021.652 GC heap after
{Heap after GC invocations=673 (full 4):
 PSYoungGen      total 11776K, used 1401K [0x00000000d5580000, 0x00000000d6580000, 0x0000000100000000)
  eden space 10240K, 0% used [0x00000000d5580000,0x00000000d5580000,0x00000000d5f80000)
  from space 1536K, 91% used [0x00000000d6280000,0x00000000d63de7b0,0x00000000d6400000)
  to   space 1536K, 0% used [0x00000000d6400000,0x00000000d6400000,0x00000000d6580000)
 ParOldGen       total 579584K, used 359629K [0x0000000080000000, 0x00000000a3600000, 0x00000000d5580000)
  object space 579584K, 62% used [0x0000000080000000,0x0000000095f33780,0x00000000a3600000)
 Metaspace       used 76507K, committed 78080K, reserved 1179648K
  class space    used 7983K, committed 8704K, reserved 1048576K
}

